<?xml version="1.0" encoding="UTF-8"?>
<!-- Generated by org.testng.reporters.JUnitReportReporter -->
<testsuite hostname="DESKTOP-PUH6HUM" failures="0" tests="2" name="tests.HomePageTest" time="37.634" errors="0" timestamp="2025-01-17T15:11:11 IST" skipped="0">
  <testcase classname="tests.HomePageTest" name="testSignUpButtonVisibility" time="21.857"/>
  <testcase classname="tests.HomePageTest" name="testLoginButtonVisibility" time="15.777"/>
</testsuite> <!-- tests.HomePageTest -->
